0 verbose cli C:\JS\nodejs\node.exe C:\JS\nodejs\node_global\node_modules\npm\bin\npm-cli.js
1 info using npm@11.11.1
2 info using node@v22.14.0
3 silly config load:file:C:\JS\nodejs\node_global\node_modules\npm\npmrc
4 silly config load:file:C:\Users\YCL\Desktop\医学信息系统课程设计\程序\frontend\.npmrc
5 silly config load:file:C:\Users\YCL\.npmrc
6 silly config load:file:C:\JS\nodejs\node_global\etc\npmrc
7 verbose title npm install @qiun/ucharts
8 verbose argv "install" "@qiun/ucharts" "--save"
9 verbose logfile logs-max:10 dir:C:\Users\YCL\Desktop\医学信息系统课程设计\程序\frontend\.npm-cache\_logs\2026-07-07T01_40_44_364Z-
10 verbose logfile C:\Users\YCL\Desktop\医学信息系统课程设计\程序\frontend\.npm-cache\_logs\2026-07-07T01_40_44_364Z-debug-0.log
11 silly logfile start cleaning logs, removing 1 files
12 silly packumentCache heap:4345298944 maxSize:1086324736 maxEntrySize:543162368
13 silly logfile done cleaning log files
14 silly idealTree buildDeps
15 silly fetch manifest @qiun/ucharts@*
16 silly packumentCache full:https://registry.npmmirror.com/@qiun%2fucharts cache-miss
17 http cache https://registry.npmmirror.com/@qiun%2fucharts 84ms (cache hit)
18 silly packumentCache full:https://registry.npmmirror.com/@qiun%2fucharts set size:28684 disposed:false
19 silly placeDep ROOT @qiun/ucharts@2.5.0-20230101 OK for: diabetes-manage-miniapp@1.0.0 want: *
20 silly fetch manifest vue@^3.5.0
21 silly packumentCache full:https://registry.npmmirror.com/vue cache-miss
22 http fetch GET 200 https://registry.npmmirror.com/vue 201ms (cache revalidated)
23 silly packumentCache full:https://registry.npmmirror.com/vue set size:2147725 disposed:false
24 silly fetch manifest typescript@*
25 silly packumentCache full:https://registry.npmmirror.com/typescript cache-miss
26 http fetch GET 200 https://registry.npmmirror.com/typescript 67ms (cache revalidated)
27 silly packumentCache full:https://registry.npmmirror.com/typescript set size:14660362 disposed:false
28 warn ERESOLVE overriding peer dependency {
28 warn ERESOLVE   code: 'ERESOLVE',
28 warn ERESOLVE   edge: {
28 warn ERESOLVE     type: 'peer',
28 warn ERESOLVE     name: 'vue',
28 warn ERESOLVE     spec: '^3.5.0',
28 warn ERESOLVE     error: 'INVALID',
28 warn ERESOLVE     from: {
28 warn ERESOLVE       name: 'vue-router',
28 warn ERESOLVE       version: '4.6.4',
28 warn ERESOLVE       location: 'node_modules/@dcloudio/uni-h5/node_modules/vue-router',
28 warn ERESOLVE       isWorkspace: false,
28 warn ERESOLVE       dependents: [Array]
28 warn ERESOLVE     }
28 warn ERESOLVE   },
28 warn ERESOLVE   dep: {
28 warn ERESOLVE     name: 'vue',
28 warn ERESOLVE     version: '3.5.39',
28 warn ERESOLVE     whileInstalling: {
28 warn ERESOLVE       name: 'vue-router',
28 warn ERESOLVE       version: '4.6.4',
28 warn ERESOLVE       path: 'C:\\Users\\YCL\\Desktop\\医学信息系统课程设计\\程序\\frontend\\node_modules\\@dcloudio\\uni-h5\\node_modules\\vue-router'
28 warn ERESOLVE     },
28 warn ERESOLVE     location: 'node_modules/vue',
28 warn ERESOLVE     isWorkspace: false,
28 warn ERESOLVE     dependents: [ [Object] ]
28 warn ERESOLVE   },
28 warn ERESOLVE   force: false,
28 warn ERESOLVE   isMine: false,
28 warn ERESOLVE   strictPeerDeps: false,
28 warn ERESOLVE   current: {
28 warn ERESOLVE     name: 'vue',
28 warn ERESOLVE     version: '3.4.21',
28 warn ERESOLVE     location: 'node_modules/@dcloudio/uni-h5/node_modules/vue',
28 warn ERESOLVE     isWorkspace: false,
28 warn ERESOLVE     dependents: [ [Object] ]
28 warn ERESOLVE   },
28 warn ERESOLVE   peerConflict: {
28 warn ERESOLVE     current: {
28 warn ERESOLVE       name: 'vue',
28 warn ERESOLVE       version: '3.4.21',
28 warn ERESOLVE       location: 'node_modules/@dcloudio/uni-h5/node_modules/vue',
28 warn ERESOLVE       isWorkspace: false,
28 warn ERESOLVE       dependents: [Array]
28 warn ERESOLVE     },
28 warn ERESOLVE     peer: {
28 warn ERESOLVE       name: 'vue',
28 warn ERESOLVE       version: '3.5.39',
28 warn ERESOLVE       whileInstalling: [Object],
28 warn ERESOLVE       location: 'node_modules/vue',
28 warn ERESOLVE       isWorkspace: false,
28 warn ERESOLVE       dependents: [Array]
28 warn ERESOLVE     }
28 warn ERESOLVE   }
28 warn ERESOLVE }
29 silly reify moves {}
30 silly audit bulk request {
30 silly audit   '@ampproject/remapping': [ '2.3.0' ],
30 silly audit   '@antfu/utils': [ '0.7.10' ],
30 silly audit   '@babel/code-frame': [ '7.29.7' ],
30 silly audit   '@babel/compat-data': [ '7.29.7' ],
30 silly audit   '@babel/core': [ '7.29.7' ],
30 silly audit   '@babel/generator': [ '7.29.7' ],
30 silly audit   '@babel/helper-annotate-as-pure': [ '7.29.7' ],
30 silly audit   '@babel/helper-compilation-targets': [ '7.29.7' ],
30 silly audit   '@babel/helper-create-class-features-plugin': [ '7.29.7' ],
30 silly audit   '@babel/helper-create-regexp-features-plugin': [ '7.29.7' ],
30 silly audit   '@babel/helper-define-polyfill-provider': [ '0.6.8' ],
30 silly audit   '@babel/helper-globals': [ '7.29.7' ],
30 silly audit   '@babel/helper-member-expression-to-functions': [ '7.29.7' ],
30 silly audit   '@babel/helper-module-imports': [ '7.29.7' ],
30 silly audit   '@babel/helper-module-transforms': [ '7.29.7' ],
30 silly audit   '@babel/helper-optimise-call-expression': [ '7.29.7' ],
30 silly audit   '@babel/helper-plugin-utils': [ '7.29.7' ],
30 silly audit   '@babel/helper-remap-async-to-generator': [ '7.29.7' ],
30 silly audit   '@babel/helper-replace-supers': [ '7.29.7' ],
30 silly audit   '@babel/helper-skip-transparent-expression-wrappers': [ '7.29.7' ],
30 silly audit   '@babel/helper-string-parser': [ '7.29.7' ],
30 silly audit   '@babel/helper-validator-identifier': [ '7.29.7' ],
30 silly audit   '@babel/helper-validator-option': [ '7.29.7' ],
30 silly audit   '@babel/helper-wrap-function': [ '7.29.7' ],
30 silly audit   '@babel/helpers': [ '7.29.7' ],
30 silly audit   '@babel/parser': [ '7.29.7' ],
30 silly audit   '@babel/plugin-bugfix-firefox-class-in-computed-class-key': [ '7.29.7' ],
30 silly audit   '@babel/plugin-bugfix-safari-class-field-initializer-scope': [ '7.29.7' ],
30 silly audit   '@babel/plugin-bugfix-safari-id-destructuring-collision-in-function-expression': [ '7.29.7' ],
30 silly audit   '@babel/plugin-bugfix-safari-rest-destructuring-rhs-array': [ '7.29.7' ],
30 silly audit   '@babel/plugin-bugfix-v8-spread-parameters-in-optional-chaining': [ '7.29.7' ],
30 silly audit   '@babel/plugin-bugfix-v8-static-class-fields-redefine-readonly': [ '7.29.7' ],
30 silly audit   '@babel/plugin-proposal-private-property-in-object': [ '7.21.0-placeholder-for-preset-env.2' ],
30 silly audit   '@babel/plugin-syntax-import-assertions': [ '7.29.7' ],
30 silly audit   '@babel/plugin-syntax-import-attributes': [ '7.29.7' ],
30 silly audit   '@babel/plugin-syntax-import-meta': [ '7.10.4' ],
30 silly audit   '@babel/plugin-syntax-jsx': [ '7.29.7' ],
30 silly audit   '@babel/plugin-syntax-typescript': [ '7.29.7' ],
30 silly audit   '@babel/plugin-syntax-unicode-sets-regex': [ '7.18.6' ],
30 silly audit   '@babel/plugin-transform-arrow-functions': [ '7.29.7' ],
30 silly audit   '@babel/plugin-transform-async-generator-functions': [ '7.29.7' ],
30 silly audit   '@babel/plugin-transform-async-to-generator': [ '7.29.7' ],
30 silly audit   '@babel/plugin-transform-block-scoped-functions': [ '7.29.7' ],
30 silly audit   '@babel/plugin-transform-block-scoping': [ '7.29.7' ],
30 silly audit   '@babel/plugin-transform-class-properties': [ '7.29.7' ],
30 silly audit   '@babel/plugin-transform-class-static-block': [ '7.29.7' ],
30 silly audit   '@babel/plugin-transform-classes': [ '7.29.7' ],
30 silly audit   '@babel/plugin-transform-computed-properties': [ '7.29.7' ],
30 silly audit   '@babel/plugin-transform-destructuring': [ '7.29.7' ],
30 silly audit   '@babel/plugin-transform-dotall-regex': [ '7.29.7' ],
30 silly audit   '@babel/plugin-transform-duplicate-keys': [ '7.29.7' ],
30 silly audit   '@babel/plugin-transform-duplicate-named-capturing-groups-regex': [ '7.29.7' ],
30 silly audit   '@babel/plugin-transform-dynamic-import': [ '7.29.7' ],
30 silly audit   '@babel/plugin-transform-explicit-resource-management': [ '7.29.7' ],
30 silly audit   '@babel/plugin-transform-exponentiation-operator': [ '7.29.7' ],
30 silly audit   '@babel/plugin-transform-export-namespace-from': [ '7.29.7' ],
30 silly audit   '@babel/plugin-transform-for-of': [ '7.29.7' ],
30 silly audit   '@babel/plugin-transform-function-name': [ '7.29.7' ],
30 silly audit   '@babel/plugin-transform-json-strings': [ '7.29.7' ],
30 silly audit   '@babel/plugin-transform-literals': [ '7.29.7' ],
30 silly audit   '@babel/plugin-transform-logical-assignment-operators': [ '7.29.7' ],
30 silly audit   '@babel/plugin-transform-member-expression-literals': [ '7.29.7' ],
30 silly audit   '@babel/plugin-transform-modules-amd': [ '7.29.7' ],
30 silly audit   '@babel/plugin-transform-modules-commonjs': [ '7.29.7' ],
30 silly audit   '@babel/plugin-transform-modules-systemjs': [ '7.29.7' ],
30 silly audit   '@babel/plugin-transform-modules-umd': [ '7.29.7' ],
30 silly audit   '@babel/plugin-transform-named-capturing-groups-regex': [ '7.29.7' ],
30 silly audit   '@babel/plugin-transform-new-target': [ '7.29.7' ],
30 silly audit   '@babel/plugin-transform-nullish-coalescing-operator': [ '7.29.7' ],
30 silly audit   '@babel/plugin-transform-numeric-separator': [ '7.29.7' ],
30 silly audit   '@babel/plugin-transform-object-rest-spread': [ '7.29.7' ],
30 silly audit   '@babel/plugin-transform-object-super': [ '7.29.7' ],
30 silly audit   '@babel/plugin-transform-optional-catch-binding': [ '7.29.7' ],
30 silly audit   '@babel/plugin-transform-optional-chaining': [ '7.29.7' ],
30 silly audit   '@babel/plugin-transform-parameters': [ '7.29.7' ],
30 silly audit   '@babel/plugin-transform-private-methods': [ '7.29.7' ],
30 silly audit   '@babel/plugin-transform-private-property-in-object': [ '7.29.7' ],
30 silly audit   '@babel/plugin-transform-property-literals': [ '7.29.7' ],
30 silly audit   '@babel/plugin-transform-regenerator': [ '7.29.7' ],
30 silly audit   '@babel/plugin-transform-regexp-modifiers': [ '7.29.7' ],
30 silly audit   '@babel/plugin-transform-reserved-words': [ '7.29.7' ],
30 silly audit   '@babel/plugin-transform-shorthand-properties': [ '7.29.7' ],
30 silly audit   '@babel/plugin-transform-spread': [ '7.29.7' ],
30 silly audit   '@babel/plugin-transform-sticky-regex': [ '7.29.7' ],
30 silly audit   '@babel/plugin-transform-template-literals': [ '7.29.7' ],
30 silly audit   '@babel/plugin-transform-typeof-symbol': [ '7.29.7' ],
30 silly audit   '@babel/plugin-transform-typescript': [ '7.29.7' ],
30 silly audit   '@babel/plugin-transform-unicode-escapes': [ '7.29.7' ],
30 silly audit   '@babel/plugin-transform-unicode-property-regex': [ '7.29.7' ],
30 silly audit   '@babel/plugin-transform-unicode-regex': [ '7.29.7' ],
30 silly audit   '@babel/plugin-transform-unicode-sets-regex': [ '7.29.7' ],
30 silly audit   '@babel/preset-env': [ '7.29.7' ],
30 silly audit   '@babel/preset-modules': [ '0.1.6-no-external-plugins' ],
30 silly audit   '@babel/runtime': [ '7.29.7' ],
30 silly audit   '@babel/template': [ '7.29.7' ],
30 silly audit   '@babel/traverse': [ '7.29.7' ],
30 silly audit   '@babel/types': [ '7.29.7' ],
30 silly audit   '@dcloudio/types': [ '3.4.31' ],
30 silly audit   '@dcloudio/uni-app': [ '3.0.0-4020920240930001' ],
30 silly audit   '@dcloudio/uni-cli-shared': [ '3.0.0-4020920240930001' ],
30 silly audit   '@vue/reactivity': [ '3.4.21', '3.4.38' ],
30 silly audit   '@vue/runtime-core': [ '3.4.21', '3.4.38' ],
30 silly audit   '@vue/runtime-dom': [ '3.4.21', '3.4.38' ],
30 silly audit   '@vue/server-renderer': [ '3.4.21', '3.4.38' ],
30 silly audit   'unplugin-auto-import': [ '0.16.7' ],
30 silly audit   vue: [ '3.4.21', '3.4.38' ],
30 silly audit   '@dcloudio/uni-cloud': [ '3.0.0-4020920240930001' ],
30 silly audit   '@dcloudio/uni-components': [ '3.0.0-4020920240930001' ],
30 silly audit   '@dcloudio/uni-h5': [ '3.0.0-4020920240930001' ],
30 silly audit   '@dcloudio/uni-h5-vite': [ '3.0.0-4020920240930001' ],
30 silly audit   '@dcloudio/uni-h5-vue': [ '3.0.0-4020920240930001' ],
30 silly audit   'vue-router': [ '4.6.4' ],
30 silly audit   '@dcloudio/uni-i18n': [ '3.0.0-4020920240930001' ],
30 silly audit   '@dcloudio/uni-mp-compiler': [ '3.0.0-4020920240930001' ],
30 silly audit   '@dcloudio/uni-mp-vite': [ '3.0.0-4020920240930001' ],
30 silly audit   '@dcloudio/uni-mp-vue': [ '3.0.0-4020920240930001' ],
30 silly audit   '@dcloudio/uni-mp-weixin': [ '3.0.0-4020920240930001' ],
30 silly audit   '@dcloudio/uni-push': [ '3.0.0-4020920240930001' ],
30 silly audit   '@dcloudio/uni-shared': [ '3.0.0-4020920240930001' ],
30 silly audit   '@dcloudio/uni-stat': [ '3.0.0-4020920240930001' ],
30 silly audit   '@dcloudio/vite-plugin-uni': [ '3.0.0-4020920240930001' ],
30 silly audit   '@esbuild/aix-ppc64': [ '0.20.2', '0.21.5' ],
30 silly audit   '@esbuild/android-arm': [ '0.20.2', '0.21.5' ],
30 silly audit   '@esbuild/android-arm64': [ '0.20.2', '0.21.5' ],
30 silly audit   '@esbuild/android-x64': [ '0.20.2', '0.21.5' ],
30 silly audit   '@esbuild/darwin-arm64': [ '0.20.2', '0.21.5' ],
30 silly audit   '@esbuild/darwin-x64': [ '0.20.2', '0.21.5' ],
30 silly audit   '@esbuild/freebsd-arm64': [ '0.20.2', '0.21.5' ],
30 silly audit   '@esbuild/freebsd-x64': [ '0.20.2', '0.21.5' ],
30 silly audit   '@esbuild/linux-arm': [ '0.20.2', '0.21.5' ],
30 silly audit   '@esbuild/linux-arm64': [ '0.20.2', '0.21.5' ],
30 silly audit   '@esbuild/linux-ia32': [ '0.20.2', '0.21.5' ],
30 silly audit   '@esbuild/linux-loong64': [ '0.20.2', '0.21.5' ],
30 silly audit   '@esbuild/linux-mips64el': [ '0.20.2', '0.21.5' ],
30 silly audit   '@esbuild/linux-ppc64': [ '0.20.2', '0.21.5' ],
30 silly audit   '@esbuild/linux-riscv64': [ '0.20.2', '0.21.5' ],
30 silly audit   '@esbuild/linux-s390x': [ '0.20.2', '0.21.5' ],
30 silly audit   '@esbuild/linux-x64': [ '0.20.2', '0.21.5' ],
30 silly audit   '@esbuild/netbsd-x64': [ '0.20.2', '0.21.5' ],
30 silly audit   '@esbuild/openbsd-x64': [ '0.20.2', '0.21.5' ],
30 silly audit   '@esbuild/sunos-x64': [ '0.20.2', '0.21.5' ],
30 silly audit   '@esbuild/win32-arm64': [ '0.20.2', '0.21.5' ],
30 silly audit   '@esbuild/win32-ia32': [ '0.20.2', '0.21.5' ],
30 silly audit   '@esbuild/win32-x64': [ '0.20.2', '0.21.5' ],
30 silly audit   '@intlify/core-base': [ '9.1.9' ],
30 silly audit   '@intlify/devtools-if': [ '9.1.9' ],
30 silly audit   '@intlify/message-compiler': [ '9.1.9' ],
30 silly audit   '@intlify/message-resolver': [ '9.1.9' ],
30 silly audit   '@intlify/runtime': [ '9.1.9' ],
30 silly audit   '@intlify/shared': [ '9.1.9' ],
30 silly audit   '@intlify/vue-devtools': [ '9.1.9' ],
30 silly audit   '@jimp/bmp': [ '0.10.3' ],
30 silly audit   '@jimp/core': [ '0.10.3' ],
30 silly audit   '@jimp/custom': [ '0.10.3' ],
30 silly audit   '@jimp/gif': [ '0.10.3' ],
30 silly audit   '@jimp/jpeg': [ '0.10.3' ],
30 silly audit   '@jimp/plugin-blit': [ '0.10.3' ],
30 silly audit   '@jimp/plugin-blur': [ '0.10.3' ],
30 silly audit   '@jimp/plugin-circle': [ '0.10.3' ],
30 silly audit   '@jimp/plugin-color': [ '0.10.3' ],
30 silly audit   '@jimp/plugin-contain': [ '0.10.3' ],
30 silly audit   '@jimp/plugin-cover': [ '0.10.3' ],
30 silly audit   '@jimp/plugin-crop': [ '0.10.3' ],
30 silly audit   '@jimp/plugin-displace': [ '0.10.3' ],
30 silly audit   '@jimp/plugin-dither': [ '0.10.3' ],
30 silly audit   '@jimp/plugin-fisheye': [ '0.10.3' ],
30 silly audit   '@jimp/plugin-flip': [ '0.10.3' ],
30 silly audit   '@jimp/plugin-gaussian': [ '0.10.3' ],
30 silly audit   '@jimp/plugin-invert': [ '0.10.3' ],
30 silly audit   '@jimp/plugin-mask': [ '0.10.3' ],
30 silly audit   '@jimp/plugin-normalize': [ '0.10.3' ],
30 silly audit   '@jimp/plugin-print': [ '0.10.3' ],
30 silly audit   '@jimp/plugin-resize': [ '0.10.3' ],
30 silly audit   '@jimp/plugin-rotate': [ '0.10.3' ],
30 silly audit   '@jimp/plugin-scale': [ '0.10.3' ],
30 silly audit   '@jimp/plugin-shadow': [ '0.10.3' ],
30 silly audit   '@jimp/plugin-threshold': [ '0.10.3' ],
30 silly audit   '@jimp/plugins': [ '0.10.3' ],
30 silly audit   '@jimp/png': [ '0.10.3' ],
30 silly audit   '@jimp/tiff': [ '0.10.3' ],
30 silly audit   '@jimp/types': [ '0.10.3' ],
30 silly audit   '@jimp/utils': [ '0.10.3' ],
30 silly audit   'regenerator-runtime': [ '0.13.11', '0.14.1' ],
30 silly audit   '@jridgewell/gen-mapping': [ '0.3.13' ],
30 silly audit   '@jridgewell/remapping': [ '2.3.5' ],
30 silly audit   '@jridgewell/resolve-uri': [ '3.1.2' ],
30 silly audit   '@jridgewell/source-map': [ '0.3.11' ],
30 silly audit   '@jridgewell/sourcemap-codec': [ '1.5.5' ],
30 silly audit   '@jridgewell/trace-mapping': [ '0.3.31' ],
30 silly audit   '@nodelib/fs.scandir': [ '2.1.5' ],
30 silly audit   '@nodelib/fs.stat': [ '2.0.5' ],
30 silly audit   '@nodelib/fs.walk': [ '1.2.8' ],
30 silly audit   '@parcel/watcher': [ '2.5.6' ],
30 silly audit   '@parcel/watcher-android-arm64': [ '2.5.6' ],
30 silly audit   '@parcel/watcher-darwin-arm64': [ '2.5.6' ],
30 silly audit   '@parcel/watcher-darwin-x64': [ '2.5.6' ],
30 silly audit   '@parcel/watcher-freebsd-x64': [ '2.5.6' ],
30 silly audit   '@parcel/watcher-linux-arm-glibc': [ '2.5.6' ],
30 silly audit   '@parcel/watcher-linux-arm-musl': [ '2.5.6' ],
30 silly audit   '@parcel/watcher-linux-arm64-glibc': [ '2.5.6' ],
30 silly audit   '@parcel/watcher-linux-arm64-musl': [ '2.5.6' ],
30 silly audit   '@parcel/watcher-linux-x64-glibc': [ '2.5.6' ],
30 silly audit   '@parcel/watcher-linux-x64-musl': [ '2.5.6' ],
30 silly audit   '@parcel/watcher-win32-arm64': [ '2.5.6' ],
30 silly audit   '@parcel/watcher-win32-ia32': [ '2.5.6' ],
30 silly audit   '@parcel/watcher-win32-x64': [ '2.5.6' ],
30 silly audit   '@rollup/pluginutils': [ '5.4.0' ],
30 silly audit   '@rollup/rollup-android-arm-eabi': [ '4.62.2' ],
30 silly audit   '@rollup/rollup-android-arm64': [ '4.62.2' ],
30 silly audit   '@rollup/rollup-darwin-arm64': [ '4.62.2' ],
30 silly audit   '@rollup/rollup-darwin-x64': [ '4.62.2' ],
30 silly audit   '@rollup/rollup-freebsd-arm64': [ '4.62.2' ],
30 silly audit   '@rollup/rollup-freebsd-x64': [ '4.62.2' ],
30 silly audit   '@rollup/rollup-linux-arm-gnueabihf': [ '4.62.2' ],
30 silly audit   '@rollup/rollup-linux-arm-musleabihf': [ '4.62.2' ],
30 silly audit   '@rollup/rollup-linux-arm64-gnu': [ '4.62.2' ],
30 silly audit   '@rollup/rollup-linux-arm64-musl': [ '4.62.2' ],
30 silly audit   '@rollup/rollup-linux-loong64-gnu': [ '4.62.2' ],
30 silly audit   '@rollup/rollup-linux-loong64-musl': [ '4.62.2' ],
30 silly audit   '@rollup/rollup-linux-ppc64-gnu': [ '4.62.2' ],
30 silly audit   '@rollup/rollup-linux-ppc64-musl': [ '4.62.2' ],
30 silly audit   '@rollup/rollup-linux-riscv64-gnu': [ '4.62.2' ],
30 silly audit   '@rollup/rollup-linux-riscv64-musl': [ '4.62.2' ],
30 silly audit   '@rollup/rollup-linux-s390x-gnu': [ '4.62.2' ],
30 silly audit   '@rollup/rollup-linux-x64-gnu': [ '4.62.2' ],
30 silly audit   '@rollup/rollup-linux-x64-musl': [ '4.62.2' ],
30 silly audit   '@rollup/rollup-openbsd-x64': [ '4.62.2' ],
30 silly audit   '@rollup/rollup-openharmony-arm64': [ '4.62.2' ],
30 silly audit   '@rollup/rollup-win32-arm64-msvc': [ '4.62.2' ],
30 silly audit   '@rollup/rollup-win32-ia32-msvc': [ '4.62.2' ],
30 silly audit   '@rollup/rollup-win32-x64-gnu': [ '4.62.2' ],
30 silly audit   '@rollup/rollup-win32-x64-msvc': [ '4.62.2' ],
30 silly audit   '@types/estree': [ '1.0.9' ],
30 silly audit   '@vitejs/plugin-legacy': [ '5.3.2' ],
30 silly audit   '@vitejs/plugin-vue': [ '5.1.0' ],
30 silly audit   '@vitejs/plugin-vue-jsx': [ '3.1.0' ],
30 silly audit   '@vue/babel-helper-vue-transform-on': [ '1.5.0' ],
30 silly audit   '@vue/babel-plugin-jsx': [ '1.5.0' ],
30 silly audit   '@vue/shared': [ '3.5.39', '3.4.38', '3.4.21' ],
30 silly audit   '@vue/babel-plugin-resolve-type': [ '1.5.0' ],
30 silly audit   '@vue/compiler-core': [ '3.5.39', '3.4.21', '3.4.38' ],
30 silly audit   '@vue/compiler-dom': [ '3.5.39', '3.4.21', '3.4.38' ],
30 silly audit   '@vue/compiler-sfc': [ '3.5.39', '3.4.21', '3.4.38' ],
30 silly audit   '@vue/compiler-ssr': [ '3.5.39', '3.4.21', '3.4.38' ],
30 silly audit   entities: [ '7.0.1', '4.5.0' ],
30 silly audit   '@vue/devtools-api': [ '6.6.4' ],
30 silly audit   accepts: [ '1.3.8' ],
30 silly audit   acorn: [ '8.17.0' ],
30 silly audit   'adm-zip': [ '0.5.18' ],
30 silly audit   'any-base': [ '1.1.0' ],
30 silly audit   anymatch: [ '3.1.3' ],
30 silly audit   picomatch: [ '2.3.2', '4.0.5' ],
30 silly audit   'array-flatten': [ '1.1.1' ],
30 silly audit   autoprefixer: [ '10.5.2' ],
30 silly audit   'babel-plugin-polyfill-corejs2': [ '0.4.17' ],
30 silly audit   'babel-plugin-polyfill-corejs3': [ '0.14.2' ],
30 silly audit   'babel-plugin-polyfill-regenerator': [ '0.6.8' ],
30 silly audit   'balanced-match': [ '1.0.2' ],
30 silly audit   'base64-js': [ '1.5.1' ],
30 silly audit   base64url: [ '3.0.1' ],
30 silly audit   'baseline-browser-mapping': [ '2.10.42' ],
30 silly audit   'binary-extensions': [ '2.3.0' ],
30 silly audit   'bmp-js': [ '0.1.0' ],
30 silly audit   'body-parser': [ '1.20.5' ],
30 silly audit   debug: [ '2.6.9', '4.4.3' ],
30 silly audit   ms: [ '2.0.0', '2.1.3' ],
30 silly audit   'brace-expansion': [ '2.1.1' ],
30 silly audit   braces: [ '3.0.3' ],
30 silly audit   browserslist: [ '4.28.4' ],
30 silly audit   'browserslist-to-esbuild': [ '2.1.1' ],
30 silly audit   buffer: [ '5.7.1' ],
30 silly audit   'buffer-equal': [ '0.0.1' ],
30 silly audit   'buffer-from': [ '1.1.2' ],
30 silly audit   bytes: [ '3.1.2' ],
30 silly audit   cac: [ '6.7.9' ],
30 silly audit   'call-bind-apply-helpers': [ '1.0.2' ],
30 silly audit   'call-bound': [ '1.0.4' ],
30 silly audit   'caniuse-lite': [ '1.0.30001800' ],
30 silly audit   centra: [ '2.7.0' ],
30 silly audit   chokidar: [ '3.6.0', '5.0.0' ],
30 silly audit   commander: [ '2.20.3' ],
30 silly audit   'compare-versions': [ '3.6.0' ],
30 silly audit   confbox: [ '0.1.8', '0.2.4' ],
30 silly audit   'content-disposition': [ '0.5.4' ],
30 silly audit   'content-type': [ '1.0.5' ],
30 silly audit   'convert-source-map': [ '2.0.0' ],
30 silly audit   cookie: [ '0.7.2' ],
30 silly audit   'cookie-signature': [ '1.0.7' ],
30 silly audit   'core-js': [ '3.49.0' ],
30 silly audit   'core-js-compat': [ '3.49.0' ],
30 silly audit   cssesc: [ '3.0.0' ],
30 silly audit   csstype: [ '3.2.3' ],
30 silly audit   depd: [ '2.0.0' ],
30 silly audit   destroy: [ '1.2.0' ],
30 silly audit   'detect-libc': [ '2.1.2' ],
30 silly audit   'dom-walk': [ '0.1.2' ],
30 silly audit   'dunder-proto': [ '1.0.1' ],
30 silly audit   'ee-first': [ '1.1.1' ],
30 silly audit   'electron-to-chromium': [ '1.5.387' ],
30 silly audit   encodeurl: [ '2.0.0' ],
30 silly audit   'es-define-property': [ '1.0.1' ],
30 silly audit   'es-errors': [ '1.3.0' ],
30 silly audit   'es-module-lexer': [ '1.7.0' ],
30 silly audit   'es-object-atoms': [ '1.1.2' ],
30 silly audit   esbuild: [ '0.20.2', '0.21.5' ],
30 silly audit   escalade: [ '3.2.0' ],
30 silly audit   'escape-html': [ '1.0.3' ],
30 silly audit   'escape-string-regexp': [ '5.0.0' ],
30 silly audit   'estree-walker': [ '2.0.2', '3.0.3' ],
30 silly audit   esutils: [ '2.0.3' ],
30 silly audit   etag: [ '1.8.1' ],
30 silly audit   'exif-parser': [ '0.1.12' ],
30 silly audit   express: [ '4.22.2' ],
30 silly audit   exsolve: [ '1.1.0' ],
30 silly audit   'fast-glob': [ '3.3.3' ],
30 silly audit   fastq: [ '1.20.1' ],
30 silly audit   'file-type': [ '9.0.0' ],
30 silly audit   'fill-range': [ '7.1.1' ],
30 silly audit   finalhandler: [ '1.3.2' ],
30 silly audit   'follow-redirects': [ '1.16.0' ],
30 silly audit   forwarded: [ '0.2.0' ],
30 silly audit   'fraction.js': [ '5.3.4' ],
30 silly audit   fresh: [ '0.5.2' ],
30 silly audit   'fs-extra': [ '10.1.0' ],
30 silly audit   fsevents: [ '2.3.3' ],
30 silly audit   'function-bind': [ '1.1.2' ],
30 silly audit   'generic-names': [ '4.0.0' ],
30 silly audit   gensync: [ '1.0.0-beta.2' ],
30 silly audit   'get-intrinsic': [ '1.3.0' ],
30 silly audit   'get-proto': [ '1.0.1' ],
30 silly audit   'glob-parent': [ '5.1.2' ],
30 silly audit   global: [ '4.4.0' ],
30 silly audit   gopd: [ '1.2.0' ],
30 silly audit   'graceful-fs': [ '4.2.11' ],
30 silly audit   'has-symbols': [ '1.1.0' ],
30 silly audit   'hash-sum': [ '2.0.0' ],
30 silly audit   hasown: [ '2.0.4' ],
30 silly audit   'http-errors': [ '2.0.1' ],
30 silly audit   'iconv-lite': [ '0.4.24' ],
30 silly audit   'icss-replace-symbols': [ '1.1.0' ],
30 silly audit   'icss-utils': [ '5.1.0' ],
30 silly audit   ieee754: [ '1.2.1' ],
30 silly audit   immutable: [ '5.1.9' ],
30 silly audit   inherits: [ '2.0.4' ],
30 silly audit   'invert-kv': [ '3.0.1' ],
30 silly audit   'ipaddr.js': [ '1.9.1' ],
30 silly audit   'is-binary-path': [ '2.1.0' ],
30 silly audit   'is-core-module': [ '2.16.2' ],
30 silly audit   'is-extglob': [ '2.1.1' ],
30 silly audit   'is-function': [ '1.0.2' ],
30 silly audit   'is-glob': [ '4.0.3' ],
30 silly audit   'is-number': [ '7.0.0' ],
30 silly audit   isbinaryfile: [ '5.0.7' ],
30 silly audit   jimp: [ '0.10.3' ],
30 silly audit   'jpeg-js': [ '0.3.7' ],
30 silly audit   'js-tokens': [ '4.0.0', '9.0.1' ],
30 silly audit   jsesc: [ '3.1.0' ],
30 silly audit   json5: [ '2.2.3' ],
30 silly audit   'jsonc-parser': [ '3.3.1' ],
30 silly audit   jsonfile: [ '6.2.1' ],
30 silly audit   lcid: [ '3.1.1' ],
30 silly audit   licia: [ '1.48.1' ],
30 silly audit   lilconfig: [ '2.1.0' ],
30 silly audit   'lines-and-columns': [ '2.0.4' ],
30 silly audit   'load-bmfont': [ '1.4.2' ],
30 silly audit   mime: [ '1.6.0', '3.0.0' ],
30 silly audit   phin: [ '3.7.1', '2.9.3' ],
30 silly audit   'loader-utils': [ '3.3.1' ],
30 silly audit   'local-pkg': [ '0.5.1', '1.2.1' ],
30 silly audit   'localstorage-polyfill': [ '1.0.1' ],
30 silly audit   'lodash.camelcase': [ '4.3.0' ],
30 silly audit   'lodash.debounce': [ '4.0.8' ],
30 silly audit   'lru-cache': [ '5.1.1' ],
30 silly audit   'magic-string': [ '0.30.21' ],
30 silly audit   'math-intrinsics': [ '1.1.0' ],
30 silly audit   'media-typer': [ '0.3.0' ],
30 silly audit   meow: [ '13.2.0' ],
30 silly audit   merge: [ '2.1.1' ],
30 silly audit   'merge-descriptors': [ '1.0.3' ],
30 silly audit   merge2: [ '1.4.1' ],
30 silly audit   methods: [ '1.1.2' ],
30 silly audit   micromatch: [ '4.0.8' ],
30 silly audit   'mime-db': [ '1.52.0' ],
30 silly audit   'mime-types': [ '2.1.35' ],
30 silly audit   'min-document': [ '2.19.2' ],
30 silly audit   minimatch: [ '9.0.9' ],
30 silly audit   minimist: [ '1.2.8' ],
30 silly audit   mkdirp: [ '0.5.6' ],
30 silly audit   mlly: [ '1.8.2' ],
30 silly audit   'module-alias': [ '2.3.4' ],
30 silly audit   nanoid: [ '3.3.15' ],
30 silly audit   negotiator: [ '0.6.3' ],
30 silly audit   'node-addon-api': [ '7.1.1' ],
30 silly audit   'node-releases': [ '2.0.50' ],
30 silly audit   'normalize-path': [ '3.0.0' ],
30 silly audit   'object-inspect': [ '1.13.4' ],
30 silly audit   omggif: [ '1.0.10' ],
30 silly audit   'on-finished': [ '2.4.1' ],
30 silly audit   'os-locale-s-fix': [ '1.0.8-fix-1' ],
30 silly audit   pako: [ '1.0.11' ],
30 silly audit   'parse-bmfont-ascii': [ '1.0.6' ],
30 silly audit   'parse-bmfont-binary': [ '1.0.6' ],
30 silly audit   'parse-bmfont-xml': [ '1.1.6' ],
30 silly audit   'parse-headers': [ '2.0.6' ],
30 silly audit   parseurl: [ '1.3.3' ],
30 silly audit   'path-parse': [ '1.0.7' ],
30 silly audit   'path-to-regexp': [ '0.1.13' ],
30 silly audit   pathe: [ '2.0.3' ],
30 silly audit   picocolors: [ '1.1.1' ],
30 silly audit   pify: [ '2.3.0' ],
30 silly audit   pixelmatch: [ '4.0.2' ],
30 silly audit   'pkg-types': [ '1.3.1', '2.3.1' ],
30 silly audit   pngjs: [ '3.4.0' ],
30 silly audit   postcss: [ '8.5.16' ],
30 silly audit   'postcss-import': [ '14.1.0' ],
30 silly audit   'postcss-load-config': [ '3.1.4' ],
30 silly audit   'postcss-modules': [ '4.3.1' ],
30 silly audit   'postcss-modules-extract-imports': [ '3.1.0' ],
30 silly audit   'postcss-modules-local-by-default': [ '4.2.0' ],
30 silly audit   'postcss-selector-parser': [ '7.1.4', '6.1.4' ],
30 silly audit   'postcss-modules-scope': [ '3.2.1' ],
30 silly audit   'postcss-modules-values': [ '4.0.0' ],
30 silly audit   'postcss-value-parser': [ '4.2.0' ],
30 silly audit   process: [ '0.11.10' ],
30 silly audit   'proxy-addr': [ '2.0.7' ],
30 silly audit   'qrcode-reader': [ '1.0.4' ],
30 silly audit   'qrcode-terminal': [ '0.12.0' ],
30 silly audit   qs: [ '6.15.3' ],
30 silly audit   quansync: [ '0.2.11' ],
30 silly audit   'queue-microtask': [ '1.2.3' ],
30 silly audit   'range-parser': [ '1.2.1' ],
30 silly audit   'raw-body': [ '2.5.3' ],
30 silly audit   'read-cache': [ '1.0.0' ],
30 silly audit   readdirp: [ '3.6.0', '5.0.0' ],
30 silly audit   regenerate: [ '1.4.2' ],
30 silly audit   'regenerate-unicode-properties': [ '10.2.2' ],
30 silly audit   'regexpu-core': [ '6.4.0' ],
30 silly audit   regjsgen: [ '0.8.0' ],
30 silly audit   regjsparser: [ '0.13.2' ],
30 silly audit   resolve: [ '1.22.12' ],
30 silly audit   reusify: [ '1.1.0' ],
30 silly audit   rollup: [ '4.62.2' ],
30 silly audit   'run-parallel': [ '1.2.0' ],
30 silly audit   'safe-area-insets': [ '1.4.1' ],
30 silly audit   'safe-buffer': [ '5.2.1' ],
30 silly audit   'safer-buffer': [ '2.1.2' ],
30 silly audit   sass: [ '1.101.0' ],
30 silly audit   sax: [ '1.6.0' ],
30 silly audit   scule: [ '1.3.0' ],
30 silly audit   semver: [ '6.3.1' ],
30 silly audit   send: [ '0.19.2' ],
30 silly audit   'serve-static': [ '1.16.3' ],
30 silly audit   setprototypeof: [ '1.2.0' ],
30 silly audit   'side-channel': [ '1.1.1' ],
30 silly audit   'side-channel-list': [ '1.0.1' ],
30 silly audit   'side-channel-map': [ '1.0.1' ],
30 silly audit   'side-channel-weakmap': [ '1.0.2' ],
30 silly audit   'source-map': [ '0.6.1' ],
30 silly audit   'source-map-js': [ '1.2.1' ],
30 silly audit   'source-map-support': [ '0.5.21' ],
30 silly audit   statuses: [ '2.0.2' ],
30 silly audit   'string-hash': [ '1.1.3' ],
30 silly audit   'strip-literal': [ '2.1.1' ],
30 silly audit   'supports-preserve-symlinks-flag': [ '1.0.0' ],
30 silly audit   systemjs: [ '6.15.1' ],
30 silly audit   tapable: [ '2.3.3' ],
30 silly audit   terser: [ '5.48.0' ],
30 silly audit   timm: [ '1.7.1' ],
30 silly audit   tinycolor2: [ '1.6.0' ],
30 silly audit   'to-regex-range': [ '5.0.1' ],
30 silly audit   toidentifier: [ '1.0.1' ],
30 silly audit   'type-is': [ '1.6.18' ],
30 silly audit   ufo: [ '1.6.4' ],
30 silly audit   'unicode-canonical-property-names-ecmascript': [ '2.0.1' ],
30 silly audit   'unicode-match-property-ecmascript': [ '2.0.0' ],
30 silly audit   'unicode-match-property-value-ecmascript': [ '2.2.1' ],
30 silly audit   'unicode-property-aliases-ecmascript': [ '2.2.0' ],
30 silly audit   unimport: [ '3.14.6' ],
30 silly audit   universalify: [ '2.0.1' ],
30 silly audit   unpipe: [ '1.0.0' ],
30 silly audit   unplugin: [ '1.16.1' ],
30 silly audit   'update-browserslist-db': [ '1.2.3' ],
30 silly audit   utif: [ '2.0.1' ],
30 silly audit   'util-deprecate': [ '1.0.2' ],
30 silly audit   'utils-merge': [ '1.0.1' ],
30 silly audit   vary: [ '1.1.2' ],
30 silly audit   vite: [ '5.4.2' ],
30 silly audit   'webpack-virtual-modules': [ '0.6.2' ],
30 silly audit   'wot-design-uni': [ '1.14.0' ],
30 silly audit   ws: [ '8.21.0' ],
30 silly audit   xhr: [ '2.6.0' ],
30 silly audit   'xml-parse-from-string': [ '1.0.1' ],
30 silly audit   xml2js: [ '0.5.0' ],
30 silly audit   xmlbuilder: [ '11.0.1' ],
30 silly audit   xmlhttprequest: [ '1.8.0' ],
30 silly audit   xregexp: [ '3.1.0' ],
30 silly audit   xtend: [ '4.0.2' ],
30 silly audit   yallist: [ '3.1.1' ],
30 silly audit   yaml: [ '1.10.3' ],
30 silly audit   '@qiun/ucharts': [ '2.5.0-20230101' ]
30 silly audit }
31 http cache @qiun/ucharts@https://registry.npmmirror.com/@qiun/ucharts/-/ucharts-2.5.0-20230101.tgz 0ms (cache hit)
32 silly tarball no local data for @qiun/ucharts@https://registry.npmmirror.com/@qiun/ucharts/-/ucharts-2.5.0-20230101.tgz. Extracting by manifest.
33 http fetch POST 404 https://registry.npmmirror.com/-/npm/v1/security/advisories/bulk 27ms
34 verbose audit error HttpErrorGeneral: 404 Not Found - POST https://registry.npmmirror.com/-/npm/v1/security/advisories/bulk - [NOT_IMPLEMENTED] /-/npm/v1/security/* not implemented yet
34 verbose audit error     at C:\JS\nodejs\node_global\node_modules\npm\node_modules\npm-registry-fetch\lib\check-response.js:103:15
34 verbose audit error     at process.processTicksAndRejections (node:internal/process/task_queues:105:5)
34 verbose audit error     at async #getReport (C:\JS\nodejs\node_global\node_modules\npm\node_modules\@npmcli\arborist\lib\audit-report.js:275:19)
34 verbose audit error     at async AuditReport.run (C:\JS\nodejs\node_global\node_modules\npm\node_modules\@npmcli\arborist\lib\audit-report.js:100:19) {
34 verbose audit error   headers: [Object: null prototype] {
34 verbose audit error     server: [ 'Tengine' ],
34 verbose audit error     date: [ 'Tue, 07 Jul 2026 01:40:47 GMT' ],
34 verbose audit error     'content-type': [ 'application/json' ],
34 verbose audit error     'transfer-encoding': [ 'chunked' ],
34 verbose audit error     connection: [ 'keep-alive' ],
34 verbose audit error     'strict-transport-security': [ 'max-age=5184000' ],
34 verbose audit error     via: [ 'kunlun11.cn5230[,404666]' ],
34 verbose audit error     'timing-allow-origin': [ '*' ],
34 verbose audit error     eagleid: [ '6f30472817833884475933916e' ],
34 verbose audit error     'x-fetch-attempts': [ '1' ]
34 verbose audit error   },
34 verbose audit error   statusCode: 404,
34 verbose audit error   code: 'E404',
34 verbose audit error   method: 'POST',
34 verbose audit error   uri: 'https://registry.npmmirror.com/-/npm/v1/security/advisories/bulk',
34 verbose audit error   body: {
34 verbose audit error     error: '[NOT_IMPLEMENTED] /-/npm/v1/security/* not implemented yet'
34 verbose audit error   },
34 verbose audit error   pkgid: undefined
34 verbose audit error }
35 silly audit error [object Object]
36 silly audit report null
37 http fetch GET 200 https://cdn.npmmirror.com/packages/%40qiun/ucharts/2.5.0-20230101/ucharts-2.5.0-20230101.tgz 337ms (cache miss)
38 silly ADD node_modules/@qiun/ucharts
39 verbose cwd C:\Users\YCL\Desktop\医学信息系统课程设计\程序\frontend
40 verbose os Windows_NT 10.0.26200
41 verbose node v22.14.0
42 verbose npm  v11.11.1
43 verbose exit 0
44 info ok
