0 verbose cli C:\JS\nodejs\node.exe C:\JS\nodejs\node_global\node_modules\npm\bin\npm-cli.js
1 info using npm@11.11.1
2 info using node@v22.14.0
3 silly config load:file:C:\JS\nodejs\node_global\node_modules\npm\npmrc
4 silly config load:file:C:\Users\YCL\Desktop\医学信息系统课程设计\程序\frontend\.npmrc
5 silly config load:file:C:\Users\YCL\.npmrc
6 silly config load:file:C:\JS\nodejs\node_global\etc\npmrc
7 verbose title npm install
8 verbose argv "install" "--prefer-offline" "--cache" ".npm-cache" "--no-audit" "--no-fund"
9 verbose logfile logs-max:10 dir:C:\Users\YCL\Desktop\医学信息系统课程设计\程序\frontend\.npm-cache\_logs\2026-07-07T00_57_51_155Z-
10 verbose logfile C:\Users\YCL\Desktop\医学信息系统课程设计\程序\frontend\.npm-cache\_logs\2026-07-07T00_57_51_155Z-debug-0.log
11 silly logfile start cleaning logs, removing 1 files
12 silly packumentCache heap:4345298944 maxSize:1086324736 maxEntrySize:543162368
13 silly logfile done cleaning log files
14 silly idealTree buildDeps
15 silly fetch manifest vue@^3.5.0
16 silly packumentCache full:https://registry.npmmirror.com/vue cache-miss
17 http fetch GET 200 https://registry.npmmirror.com/vue 73ms (cache stale)
18 silly packumentCache full:https://registry.npmmirror.com/vue set size:2147725 disposed:false
19 silly fetch manifest typescript@*
20 silly packumentCache full:https://registry.npmmirror.com/typescript cache-miss
21 http fetch GET 200 https://registry.npmmirror.com/typescript 41ms (cache stale)
22 silly packumentCache full:https://registry.npmmirror.com/typescript set size:14660362 disposed:false
23 warn ERESOLVE overriding peer dependency {
23 warn ERESOLVE   code: 'ERESOLVE',
23 warn ERESOLVE   edge: {
23 warn ERESOLVE     type: 'peer',
23 warn ERESOLVE     name: 'vue',
23 warn ERESOLVE     spec: '^3.5.0',
23 warn ERESOLVE     error: 'INVALID',
23 warn ERESOLVE     from: {
23 warn ERESOLVE       name: 'vue-router',
23 warn ERESOLVE       version: '4.6.4',
23 warn ERESOLVE       location: 'node_modules/@dcloudio/uni-h5/node_modules/vue-router',
23 warn ERESOLVE       isWorkspace: false,
23 warn ERESOLVE       dependents: [Array]
23 warn ERESOLVE     }
23 warn ERESOLVE   },
23 warn ERESOLVE   dep: {
23 warn ERESOLVE     name: 'vue',
23 warn ERESOLVE     version: '3.5.39',
23 warn ERESOLVE     whileInstalling: {
23 warn ERESOLVE       name: 'vue-router',
23 warn ERESOLVE       version: '4.6.4',
23 warn ERESOLVE       path: 'C:\\Users\\YCL\\Desktop\\医学信息系统课程设计\\程序\\frontend\\node_modules\\@dcloudio\\uni-h5\\node_modules\\vue-router'
23 warn ERESOLVE     },
23 warn ERESOLVE     location: 'node_modules/vue',
23 warn ERESOLVE     isWorkspace: false,
23 warn ERESOLVE     dependents: [ [Object] ]
23 warn ERESOLVE   },
23 warn ERESOLVE   force: false,
23 warn ERESOLVE   isMine: false,
23 warn ERESOLVE   strictPeerDeps: false,
23 warn ERESOLVE   current: {
23 warn ERESOLVE     name: 'vue',
23 warn ERESOLVE     version: '3.4.21',
23 warn ERESOLVE     location: 'node_modules/@dcloudio/uni-h5/node_modules/vue',
23 warn ERESOLVE     isWorkspace: false,
23 warn ERESOLVE     dependents: [ [Object] ]
23 warn ERESOLVE   },
23 warn ERESOLVE   peerConflict: {
23 warn ERESOLVE     current: {
23 warn ERESOLVE       name: 'vue',
23 warn ERESOLVE       version: '3.4.21',
23 warn ERESOLVE       location: 'node_modules/@dcloudio/uni-h5/node_modules/vue',
23 warn ERESOLVE       isWorkspace: false,
23 warn ERESOLVE       dependents: [Array]
23 warn ERESOLVE     },
23 warn ERESOLVE     peer: {
23 warn ERESOLVE       name: 'vue',
23 warn ERESOLVE       version: '3.5.39',
23 warn ERESOLVE       whileInstalling: [Object],
23 warn ERESOLVE       location: 'node_modules/vue',
23 warn ERESOLVE       isWorkspace: false,
23 warn ERESOLVE       dependents: [Array]
23 warn ERESOLVE     }
23 warn ERESOLVE   }
23 warn ERESOLVE }
24 silly reify moves {}
25 verbose cwd C:\Users\YCL\Desktop\医学信息系统课程设计\程序\frontend
26 verbose os Windows_NT 10.0.26200
27 verbose node v22.14.0
28 verbose npm  v11.11.1
29 verbose exit 0
30 info ok
