0 verbose cli C:\JS\nodejs\node.exe C:\JS\nodejs\node_global\node_modules\npm\bin\npm-cli.js
1 info using npm@11.11.1
2 info using node@v22.14.0
3 silly config load:file:C:\JS\nodejs\node_global\node_modules\npm\npmrc
4 silly config load:file:C:\Users\YCL\Desktop\医学信息系统课程设计\程序\frontend\.npmrc
5 silly config load:file:C:\Users\YCL\.npmrc
6 silly config load:file:C:\JS\nodejs\node_global\etc\npmrc
7 verbose title npm install
8 verbose argv "install"
9 verbose logfile logs-max:10 dir:C:\Users\YCL\Desktop\医学信息系统课程设计\程序\frontend\.npm-cache\_logs\2026-07-07T00_55_18_209Z-
10 verbose logfile C:\Users\YCL\Desktop\医学信息系统课程设计\程序\frontend\.npm-cache\_logs\2026-07-07T00_55_18_209Z-debug-0.log
11 silly logfile done cleaning log files
12 silly packumentCache heap:4345298944 maxSize:1086324736 maxEntrySize:543162368
13 silly idealTree buildDeps
14 silly fetch manifest vue@^3.5.0
15 silly packumentCache full:https://registry.npmmirror.com/vue cache-miss
16 http fetch GET https://registry.npmmirror.com/vue attempt 1 failed with EACCES
17 http fetch GET https://registry.npmmirror.com/vue attempt 2 failed with EACCES
18 http fetch GET https://registry.npmmirror.com/vue attempt 3 failed with EACCES
19 http fetch GET 200 https://registry.npmmirror.com/vue 70144ms (cache stale)
20 silly packumentCache full:https://registry.npmmirror.com/vue set size:2147725 disposed:false
21 silly fetch manifest typescript@*
22 silly packumentCache full:https://registry.npmmirror.com/typescript cache-miss
23 http fetch GET https://registry.npmmirror.com/typescript attempt 1 failed with EACCES
24 http fetch GET https://registry.npmmirror.com/typescript attempt 2 failed with EACCES
